28/04/2013 4:11:10 AM: Configuration Read from: C:\Users\johng\AppData\Local\Autodesk\3dsMax\2012 - 64bit\enu\infocenter.xml
28/04/2013 4:11:24 AM: ICommunicationCenterConnector.SubAwareServiceUrl does not contain valid URL.
 Attempting to load from registry
28/04/2013 4:11:24 AM: SubStatus: No or Bad URL defined in registry - Using default: http://cadservices.autodesk.com/subscriptionservice/subservice
28/04/2013 4:11:25 AM: Polling:2 threads started
28/04/2013 4:11:25 AM: SubStatus: Polling...
29/04/2013 4:19:31 AM: Configuration Read from: C:\Users\johng\AppData\Local\Autodesk\3dsMax\2012 - 64bit\enu\infocenter.xml
29/04/2013 4:19:47 AM: ICommunicationCenterConnector.SubAwareServiceUrl does not contain valid URL.
 Attempting to load from registry
29/04/2013 4:19:47 AM: SubStatus: No or Bad URL defined in registry - Using default: http://cadservices.autodesk.com/subscriptionservice/subservice
29/04/2013 4:19:48 AM: Polling:2 threads started
29/04/2013 4:19:48 AM: SubStatus: Polling...
30/04/2013 7:18:03 PM: Configuration Read from: C:\Users\johng\AppData\Local\Autodesk\3dsMax\2012 - 64bit\enu\infocenter.xml
30/04/2013 7:18:20 PM: ICommunicationCenterConnector.SubAwareServiceUrl does not contain valid URL.
 Attempting to load from registry
30/04/2013 7:18:20 PM: SubStatus: No or Bad URL defined in registry - Using default: http://cadservices.autodesk.com/subscriptionservice/subservice
30/04/2013 7:18:21 PM: Polling:2 threads started
30/04/2013 7:18:21 PM: SubStatus: Polling...
3/05/2013 4:22:06 PM: Configuration Read from: C:\Users\johng\AppData\Local\Autodesk\3dsMax\2012 - 64bit\enu\infocenter.xml
3/05/2013 4:22:24 PM: ICommunicationCenterConnector.SubAwareServiceUrl does not contain valid URL.
 Attempting to load from registry
3/05/2013 4:22:24 PM: SubStatus: No or Bad URL defined in registry - Using default: http://cadservices.autodesk.com/subscriptionservice/subservice
3/05/2013 4:22:25 PM: Polling:2 threads started
3/05/2013 4:22:25 PM: SubStatus: Polling...
10/05/2013 1:14:56 AM: Configuration Read from: C:\Users\johng\AppData\Local\Autodesk\3dsMax\2012 - 64bit\enu\infocenter.xml
10/05/2013 1:15:10 AM: ICommunicationCenterConnector.SubAwareServiceUrl does not contain valid URL.
 Attempting to load from registry
10/05/2013 1:15:10 AM: SubStatus: No or Bad URL defined in registry - Using default: http://cadservices.autodesk.com/subscriptionservice/subservice
10/05/2013 1:15:10 AM: Polling:2 threads started
10/05/2013 1:15:10 AM: SubStatus: Polling...
12/05/2013 1:59:17 PM: Configuration Read from: C:\Users\johng\AppData\Local\Autodesk\3dsMax\2012 - 64bit\enu\infocenter.xml
12/05/2013 1:59:31 PM: ICommunicationCenterConnector.SubAwareServiceUrl does not contain valid URL.
 Attempting to load from registry
12/05/2013 1:59:31 PM: SubStatus: No or Bad URL defined in registry - Using default: http://cadservices.autodesk.com/subscriptionservice/subservice
12/05/2013 1:59:32 PM: Polling:2 threads started
12/05/2013 1:59:32 PM: SubStatus: Polling...
17/05/2013 4:55:45 PM: Configuration Read from: C:\Users\johng\AppData\Local\Autodesk\3dsMax\2012 - 64bit\enu\infocenter.xml
17/05/2013 4:56:01 PM: ICommunicationCenterConnector.SubAwareServiceUrl does not contain valid URL.
 Attempting to load from registry
17/05/2013 4:56:01 PM: SubStatus: No or Bad URL defined in registry - Using default: http://cadservices.autodesk.com/subscriptionservice/subservice
17/05/2013 4:56:02 PM: Polling:2 threads started
17/05/2013 4:56:02 PM: SubStatus: Polling...
19/05/2013 7:39:37 PM: Configuration Read from: C:\Users\johng\AppData\Local\Autodesk\3dsMax\2012 - 64bit\enu\infocenter.xml
19/05/2013 7:39:50 PM: ICommunicationCenterConnector.SubAwareServiceUrl does not contain valid URL.
 Attempting to load from registry
19/05/2013 7:39:50 PM: SubStatus: No or Bad URL defined in registry - Using default: http://cadservices.autodesk.com/subscriptionservice/subservice
19/05/2013 7:39:51 PM: Polling:2 threads started
19/05/2013 7:39:51 PM: SubStatus: Polling...
19/05/2013 11:15:49 PM: Configuration Read from: C:\Users\johng\AppData\Local\Autodesk\3dsMax\2012 - 64bit\enu\infocenter.xml
19/05/2013 11:15:56 PM: ICommunicationCenterConnector.SubAwareServiceUrl does not contain valid URL.
 Attempting to load from registry
19/05/2013 11:15:56 PM: SubStatus: No or Bad URL defined in registry - Using default: http://cadservices.autodesk.com/subscriptionservice/subservice
19/05/2013 11:15:57 PM: Polling:2 threads started
19/05/2013 11:15:57 PM: SubStatus: Polling...
19/05/2013 11:19:57 PM: Configuration Read from: C:\Users\johng\AppData\Local\Autodesk\3dsMax\2012 - 64bit\enu\infocenter.xml
19/05/2013 11:20:06 PM: ICommunicationCenterConnector.SubAwareServiceUrl does not contain valid URL.
 Attempting to load from registry
19/05/2013 11:20:06 PM: SubStatus: No or Bad URL defined in registry - Using default: http://cadservices.autodesk.com/subscriptionservice/subservice
19/05/2013 11:20:06 PM: Polling:2 threads started
19/05/2013 11:20:06 PM: SubStatus: Polling...
22/05/2013 11:11:13 PM: Configuration Read from: C:\Users\johng\AppData\Local\Autodesk\3dsMax\2012 - 64bit\enu\infocenter.xml
22/05/2013 11:11:27 PM: ICommunicationCenterConnector.SubAwareServiceUrl does not contain valid URL.
 Attempting to load from registry
22/05/2013 11:11:27 PM: SubStatus: No or Bad URL defined in registry - Using default: http://cadservices.autodesk.com/subscriptionservice/subservice
22/05/2013 11:11:29 PM: Polling:2 threads started
22/05/2013 11:11:29 PM: SubStatus: Polling...
23/05/2013 2:30:07 PM: Configuration Read from: C:\Users\johng\AppData\Local\Autodesk\3dsMax\2012 - 64bit\enu\infocenter.xml
23/05/2013 2:30:20 PM: ICommunicationCenterConnector.SubAwareServiceUrl does not contain valid URL.
 Attempting to load from registry
23/05/2013 2:30:20 PM: SubStatus: No or Bad URL defined in registry - Using default: http://cadservices.autodesk.com/subscriptionservice/subservice
23/05/2013 2:30:20 PM: Polling:2 threads started
23/05/2013 2:30:20 PM: SubStatus: Polling...
31/05/2013 6:36:08 PM: Configuration Read from: C:\Users\johng\AppData\Local\Autodesk\3dsMax\2012 - 64bit\enu\infocenter.xml
31/05/2013 6:36:23 PM: ICommunicationCenterConnector.SubAwareServiceUrl does not contain valid URL.
 Attempting to load from registry
31/05/2013 6:36:23 PM: SubStatus: No or Bad URL defined in registry - Using default: http://cadservices.autodesk.com/subscriptionservice/subservice
31/05/2013 6:36:24 PM: Polling:2 threads started
31/05/2013 6:36:24 PM: SubStatus: Polling...
2/06/2013 9:39:03 PM: Configuration Read from: C:\Users\johng\AppData\Local\Autodesk\3dsMax\2012 - 64bit\enu\infocenter.xml
2/06/2013 9:39:18 PM: ICommunicationCenterConnector.SubAwareServiceUrl does not contain valid URL.
 Attempting to load from registry
2/06/2013 9:39:18 PM: SubStatus: No or Bad URL defined in registry - Using default: http://cadservices.autodesk.com/subscriptionservice/subservice
2/06/2013 9:39:19 PM: Polling:2 threads started
2/06/2013 9:39:19 PM: SubStatus: Polling...
3/06/2013 7:03:05 PM: Configuration Read from: C:\Users\johng\AppData\Local\Autodesk\3dsMax\2012 - 64bit\enu\infocenter.xml
3/06/2013 7:03:20 PM: ICommunicationCenterConnector.SubAwareServiceUrl does not contain valid URL.
 Attempting to load from registry
3/06/2013 7:03:20 PM: SubStatus: No or Bad URL defined in registry - Using default: http://cadservices.autodesk.com/subscriptionservice/subservice
3/06/2013 7:03:22 PM: Polling:2 threads started
3/06/2013 7:03:22 PM: SubStatus: Polling...
12/06/2013 6:57:23 PM: Configuration Read from: C:\Users\johng\AppData\Local\Autodesk\3dsMax\2012 - 64bit\enu\infocenter.xml
12/06/2013 6:57:39 PM: ICommunicationCenterConnector.SubAwareServiceUrl does not contain valid URL.
 Attempting to load from registry
12/06/2013 6:57:39 PM: SubStatus: No or Bad URL defined in registry - Using default: http://cadservices.autodesk.com/subscriptionservice/subservice
12/06/2013 6:57:39 PM: Polling:2 threads started
12/06/2013 6:57:39 PM: SubStatus: Polling...
15/06/2013 7:02:52 PM: Configuration Read from: C:\Users\johng\AppData\Local\Autodesk\3dsMax\2012 - 64bit\enu\infocenter.xml
15/06/2013 7:03:05 PM: ICommunicationCenterConnector.SubAwareServiceUrl does not contain valid URL.
 Attempting to load from registry
15/06/2013 7:03:05 PM: SubStatus: No or Bad URL defined in registry - Using default: http://cadservices.autodesk.com/subscriptionservice/subservice
15/06/2013 7:03:06 PM: Polling:2 threads started
15/06/2013 7:03:06 PM: SubStatus: Polling...
16/06/2013 11:10:18 AM: Configuration Read from: C:\Users\johng\AppData\Local\Autodesk\3dsMax\2012 - 64bit\enu\infocenter.xml
16/06/2013 11:10:31 AM: ICommunicationCenterConnector.SubAwareServiceUrl does not contain valid URL.
 Attempting to load from registry
16/06/2013 11:10:31 AM: SubStatus: No or Bad URL defined in registry - Using default: http://cadservices.autodesk.com/subscriptionservice/subservice
16/06/2013 11:10:32 AM: Polling:2 threads started
16/06/2013 11:10:32 AM: SubStatus: Polling...
16/06/2013 11:29:57 AM: Configuration Read from: C:\Users\johng\AppData\Local\Autodesk\3dsMax\2012 - 64bit\enu\infocenter.xml
16/06/2013 11:30:03 AM: ICommunicationCenterConnector.SubAwareServiceUrl does not contain valid URL.
 Attempting to load from registry
16/06/2013 11:30:03 AM: SubStatus: No or Bad URL defined in registry - Using default: http://cadservices.autodesk.com/subscriptionservice/subservice
16/06/2013 11:30:04 AM: Polling:2 threads started
16/06/2013 11:30:04 AM: SubStatus: Polling...
18/06/2013 8:57:34 PM: Configuration Read from: C:\Users\johng\AppData\Local\Autodesk\3dsMax\2012 - 64bit\enu\infocenter.xml
18/06/2013 8:57:50 PM: ICommunicationCenterConnector.SubAwareServiceUrl does not contain valid URL.
 Attempting to load from registry
18/06/2013 8:57:50 PM: SubStatus: No or Bad URL defined in registry - Using default: http://cadservices.autodesk.com/subscriptionservice/subservice
18/06/2013 8:57:50 PM: Polling:2 threads started
18/06/2013 8:57:50 PM: SubStatus: Polling...
28/06/2013 9:38:00 PM: Configuration Read from: C:\Users\johng\AppData\Local\Autodesk\3dsMax\2012 - 64bit\enu\infocenter.xml
28/06/2013 9:38:15 PM: ICommunicationCenterConnector.SubAwareServiceUrl does not contain valid URL.
 Attempting to load from registry
28/06/2013 9:38:15 PM: SubStatus: No or Bad URL defined in registry - Using default: http://cadservices.autodesk.com/subscriptionservice/subservice
28/06/2013 9:38:16 PM: Polling:2 threads started
28/06/2013 9:38:16 PM: SubStatus: Polling...
29/06/2013 4:06:59 PM: Configuration Read from: C:\Users\johng\AppData\Local\Autodesk\3dsMax\2012 - 64bit\enu\infocenter.xml
29/06/2013 4:07:11 PM: ICommunicationCenterConnector.SubAwareServiceUrl does not contain valid URL.
 Attempting to load from registry
29/06/2013 4:07:11 PM: SubStatus: No or Bad URL defined in registry - Using default: http://cadservices.autodesk.com/subscriptionservice/subservice
29/06/2013 4:07:12 PM: Polling:2 threads started
29/06/2013 4:07:12 PM: SubStatus: Polling...
29/06/2013 9:48:28 PM: Configuration Read from: C:\Users\johng\AppData\Local\Autodesk\3dsMax\2012 - 64bit\enu\infocenter.xml
29/06/2013 9:48:37 PM: ICommunicationCenterConnector.SubAwareServiceUrl does not contain valid URL.
 Attempting to load from registry
29/06/2013 9:48:37 PM: SubStatus: No or Bad URL defined in registry - Using default: http://cadservices.autodesk.com/subscriptionservice/subservice
29/06/2013 9:48:37 PM: Polling:2 threads started
29/06/2013 9:48:37 PM: SubStatus: Polling...
13/07/2013 5:02:31 PM: Configuration Read from: C:\Users\johng\AppData\Local\Autodesk\3dsMax\2012 - 64bit\enu\infocenter.xml
13/07/2013 5:02:45 PM: ICommunicationCenterConnector.SubAwareServiceUrl does not contain valid URL.
 Attempting to load from registry
13/07/2013 5:02:45 PM: SubStatus: No or Bad URL defined in registry - Using default: http://cadservices.autodesk.com/subscriptionservice/subservice
13/07/2013 5:02:46 PM: Polling:2 threads started
13/07/2013 5:02:46 PM: SubStatus: Polling...
29/07/2013 7:28:42 PM: Configuration Read from: C:\Users\johng\AppData\Local\Autodesk\3dsMax\2012 - 64bit\enu\infocenter.xml
29/07/2013 7:28:58 PM: ICommunicationCenterConnector.SubAwareServiceUrl does not contain valid URL.
 Attempting to load from registry
29/07/2013 7:28:58 PM: SubStatus: No or Bad URL defined in registry - Using default: http://cadservices.autodesk.com/subscriptionservice/subservice
29/07/2013 7:28:59 PM: Polling:2 threads started
29/07/2013 7:28:59 PM: SubStatus: Polling...
31/07/2013 5:09:08 PM: Configuration Read from: C:\Users\johng\AppData\Local\Autodesk\3dsMax\2012 - 64bit\enu\infocenter.xml
31/07/2013 5:09:24 PM: ICommunicationCenterConnector.SubAwareServiceUrl does not contain valid URL.
 Attempting to load from registry
31/07/2013 5:09:24 PM: SubStatus: No or Bad URL defined in registry - Using default: http://cadservices.autodesk.com/subscriptionservice/subservice
31/07/2013 5:09:24 PM: Polling:2 threads started
31/07/2013 5:09:24 PM: SubStatus: Polling...
11/08/2013 1:39:18 AM: Configuration Read from: C:\Users\johng\AppData\Local\Autodesk\3dsMax\2012 - 64bit\enu\infocenter.xml
11/08/2013 1:39:33 AM: ICommunicationCenterConnector.SubAwareServiceUrl does not contain valid URL.
 Attempting to load from registry
11/08/2013 1:39:33 AM: SubStatus: No or Bad URL defined in registry - Using default: http://cadservices.autodesk.com/subscriptionservice/subservice
11/08/2013 1:39:34 AM: Polling:2 threads started
11/08/2013 1:39:34 AM: SubStatus: Polling...
7/09/2013 8:33:30 PM: Configuration Read from: C:\Users\johng\AppData\Local\Autodesk\3dsMax\2012 - 64bit\enu\infocenter.xml
7/09/2013 8:33:46 PM: ICommunicationCenterConnector.SubAwareServiceUrl does not contain valid URL.
 Attempting to load from registry
7/09/2013 8:33:46 PM: SubStatus: No or Bad URL defined in registry - Using default: http://cadservices.autodesk.com/subscriptionservice/subservice
7/09/2013 8:33:46 PM: Polling:2 threads started
7/09/2013 8:33:46 PM: SubStatus: Polling...
20/10/2013 12:15:43 AM: Configuration Read from: C:\Users\johng\AppData\Local\Autodesk\3dsMax\2012 - 64bit\enu\infocenter.xml
20/10/2013 12:16:01 AM: ICommunicationCenterConnector.SubAwareServiceUrl does not contain valid URL.
 Attempting to load from registry
20/10/2013 12:16:01 AM: SubStatus: No or Bad URL defined in registry - Using default: http://cadservices.autodesk.com/subscriptionservice/subservice
20/10/2013 12:16:02 AM: Polling:2 threads started
20/10/2013 12:16:02 AM: SubStatus: Polling...
20/10/2013 12:16:26 AM: SubStatus: Server Response not defined
5/11/2013 10:53:50 PM: Configuration Read from: C:\Users\johng\AppData\Local\Autodesk\3dsMax\2012 - 64bit\enu\infocenter.xml
5/11/2013 10:54:10 PM: ICommunicationCenterConnector.SubAwareServiceUrl does not contain valid URL.
 Attempting to load from registry
5/11/2013 10:54:10 PM: SubStatus: No or Bad URL defined in registry - Using default: http://cadservices.autodesk.com/subscriptionservice/subservice
5/11/2013 10:54:11 PM: Polling:2 threads started
5/11/2013 10:54:11 PM: SubStatus: Polling...
1/12/2013 11:13:08 PM: Configuration Read from: C:\Users\johng\AppData\Local\Autodesk\3dsMax\2012 - 64bit\enu\infocenter.xml
1/12/2013 11:13:25 PM: ICommunicationCenterConnector.SubAwareServiceUrl does not contain valid URL.
 Attempting to load from registry
1/12/2013 11:13:25 PM: SubStatus: No or Bad URL defined in registry - Using default: http://cadservices.autodesk.com/subscriptionservice/subservice
1/12/2013 11:13:26 PM: Polling:2 threads started
1/12/2013 11:13:26 PM: SubStatus: Polling...
23/01/2014 9:54:52 PM: Configuration Read from: C:\Users\johng\AppData\Local\Autodesk\3dsMax\2012 - 64bit\enu\infocenter.xml
23/01/2014 9:55:24 PM: ICommunicationCenterConnector.SubAwareServiceUrl does not contain valid URL.
 Attempting to load from registry
23/01/2014 9:55:24 PM: SubStatus: No or Bad URL defined in registry - Using default: http://cadservices.autodesk.com/subscriptionservice/subservice
23/01/2014 9:55:25 PM: Polling:2 threads started
23/01/2014 9:55:25 PM: SubStatus: Polling...
27/01/2014 4:58:30 PM: Configuration Read from: C:\Users\johng\AppData\Local\Autodesk\3dsMax\2012 - 64bit\enu\infocenter.xml
27/01/2014 4:59:16 PM: ICommunicationCenterConnector.SubAwareServiceUrl does not contain valid URL.
 Attempting to load from registry
27/01/2014 4:59:16 PM: SubStatus: No or Bad URL defined in registry - Using default: http://cadservices.autodesk.com/subscriptionservice/subservice
27/01/2014 4:59:17 PM: Polling:2 threads started
27/01/2014 4:59:17 PM: SubStatus: Polling...
1/03/2014 10:44:54 PM: Configuration Read from: C:\Users\johng\AppData\Local\Autodesk\3dsMax\2012 - 64bit\enu\infocenter.xml
1/03/2014 10:45:12 PM: ICommunicationCenterConnector.SubAwareServiceUrl does not contain valid URL.
 Attempting to load from registry
1/03/2014 10:45:12 PM: SubStatus: No or Bad URL defined in registry - Using default: http://cadservices.autodesk.com/subscriptionservice/subservice
1/03/2014 10:45:13 PM: Polling:2 threads started
1/03/2014 10:45:13 PM: SubStatus: Polling...
6/04/2014 4:32:29 PM: Configuration Read from: C:\Users\johng\AppData\Local\Autodesk\3dsMax\2012 - 64bit\enu\infocenter.xml
6/04/2014 4:32:54 PM: ICommunicationCenterConnector.SubAwareServiceUrl does not contain valid URL.
 Attempting to load from registry
6/04/2014 4:32:54 PM: SubStatus: No or Bad URL defined in registry - Using default: http://cadservices.autodesk.com/subscriptionservice/subservice
6/04/2014 4:32:55 PM: Polling:2 threads started
6/04/2014 4:32:55 PM: SubStatus: Polling...
17/05/2014 12:23:09 AM: Configuration Read from: C:\Users\johng\AppData\Local\Autodesk\3dsMax\2012 - 64bit\enu\infocenter.xml
17/05/2014 12:23:29 AM: ICommunicationCenterConnector.SubAwareServiceUrl does not contain valid URL.
 Attempting to load from registry
17/05/2014 12:23:29 AM: SubStatus: No or Bad URL defined in registry - Using default: http://cadservices.autodesk.com/subscriptionservice/subservice
17/05/2014 12:23:30 AM: Polling:2 threads started
17/05/2014 12:23:30 AM: SubStatus: Polling...
24/05/2014 3:24:07 PM: Configuration Read from: C:\Users\johng\AppData\Local\Autodesk\3dsMax\2012 - 64bit\enu\infocenter.xml
24/05/2014 3:24:38 PM: ICommunicationCenterConnector.SubAwareServiceUrl does not contain valid URL.
 Attempting to load from registry
24/05/2014 3:24:38 PM: SubStatus: No or Bad URL defined in registry - Using default: http://cadservices.autodesk.com/subscriptionservice/subservice
24/05/2014 3:24:39 PM: Polling:2 threads started
24/05/2014 3:24:39 PM: SubStatus: Polling...
17/08/2014 9:23:54 PM: Configuration Read from: C:\Users\johng\AppData\Local\Autodesk\3dsMax\2012 - 64bit\enu\infocenter.xml
17/08/2014 9:24:10 PM: ICommunicationCenterConnector.SubAwareServiceUrl does not contain valid URL.
 Attempting to load from registry
17/08/2014 9:24:10 PM: SubStatus: No or Bad URL defined in registry - Using default: http://cadservices.autodesk.com/subscriptionservice/subservice
17/08/2014 9:24:11 PM: Polling:2 threads started
17/08/2014 9:24:11 PM: SubStatus: Polling...
13/11/2014 5:30:57 PM: Configuration Read from: C:\Users\johng\AppData\Local\Autodesk\3dsMax\2012 - 64bit\enu\infocenter.xml
13/11/2014 5:31:12 PM: ICommunicationCenterConnector.SubAwareServiceUrl does not contain valid URL.
 Attempting to load from registry
13/11/2014 5:31:12 PM: SubStatus: No or Bad URL defined in registry - Using default: http://cadservices.autodesk.com/subscriptionservice/subservice
13/11/2014 5:31:13 PM: Polling:2 threads started
13/11/2014 5:31:13 PM: SubStatus: Polling...
13/11/2014 9:07:40 PM: Configuration Read from: C:\Users\johng\AppData\Local\Autodesk\3dsMax\2012 - 64bit\enu\infocenter.xml
13/11/2014 9:07:50 PM: ICommunicationCenterConnector.SubAwareServiceUrl does not contain valid URL.
 Attempting to load from registry
13/11/2014 9:07:50 PM: SubStatus: No or Bad URL defined in registry - Using default: http://cadservices.autodesk.com/subscriptionservice/subservice
13/11/2014 9:07:50 PM: Polling:2 threads started
13/11/2014 9:07:50 PM: SubStatus: Polling...
15/11/2014 3:55:39 PM: Configuration Read from: C:\Users\johng\AppData\Local\Autodesk\3dsMax\2012 - 64bit\enu\infocenter.xml
15/11/2014 3:55:53 PM: ICommunicationCenterConnector.SubAwareServiceUrl does not contain valid URL.
 Attempting to load from registry
15/11/2014 3:55:53 PM: SubStatus: No or Bad URL defined in registry - Using default: http://cadservices.autodesk.com/subscriptionservice/subservice
15/11/2014 3:55:54 PM: Polling:2 threads started
15/11/2014 3:55:54 PM: SubStatus: Polling...
15/11/2014 5:11:55 PM: Configuration Read from: C:\Users\johng\AppData\Local\Autodesk\3dsMax\2012 - 64bit\enu\infocenter.xml
15/11/2014 5:12:37 PM: ICommunicationCenterConnector.SubAwareServiceUrl does not contain valid URL.
 Attempting to load from registry
15/11/2014 5:12:37 PM: SubStatus: No or Bad URL defined in registry - Using default: http://cadservices.autodesk.com/subscriptionservice/subservice
15/11/2014 5:12:39 PM: Polling:2 threads started
15/11/2014 5:12:39 PM: SubStatus: Polling...
15/11/2014 9:12:39 PM: Polling:3 threads started
15/11/2014 9:12:39 PM: SubStatus: Polling...
16/11/2014 12:09:21 PM: Configuration Read from: C:\Users\johng\AppData\Local\Autodesk\3dsMax\2012 - 64bit\enu\infocenter.xml
16/11/2014 12:09:38 PM: ICommunicationCenterConnector.SubAwareServiceUrl does not contain valid URL.
 Attempting to load from registry
16/11/2014 12:09:38 PM: SubStatus: No or Bad URL defined in registry - Using default: http://cadservices.autodesk.com/subscriptionservice/subservice
16/11/2014 12:09:39 PM: Polling:2 threads started
16/11/2014 12:09:39 PM: SubStatus: Polling...
16/11/2014 12:09:46 PM: SubStatus: Server Response not defined
16/11/2014 4:09:39 PM: Polling:3 threads started
16/11/2014 4:09:39 PM: SubStatus: Polling...
16/11/2014 4:51:23 PM: Configuration Read from: C:\Users\johng\AppData\Local\Autodesk\3dsMax\2012 - 64bit\enu\infocenter.xml
16/11/2014 4:51:33 PM: ICommunicationCenterConnector.SubAwareServiceUrl does not contain valid URL.
 Attempting to load from registry
16/11/2014 4:51:33 PM: SubStatus: No or Bad URL defined in registry - Using default: http://cadservices.autodesk.com/subscriptionservice/subservice
16/11/2014 4:51:34 PM: Polling:2 threads started
16/11/2014 4:51:34 PM: SubStatus: Polling...
16/11/2014 8:51:34 PM: Polling:3 threads started
16/11/2014 8:51:34 PM: SubStatus: Polling...
23/11/2014 1:48:13 PM: Configuration Read from: C:\Users\johng\AppData\Local\Autodesk\3dsMax\2012 - 64bit\enu\infocenter.xml
23/11/2014 1:48:31 PM: ICommunicationCenterConnector.SubAwareServiceUrl does not contain valid URL.
 Attempting to load from registry
23/11/2014 1:48:31 PM: SubStatus: No or Bad URL defined in registry - Using default: http://cadservices.autodesk.com/subscriptionservice/subservice
23/11/2014 1:48:33 PM: Polling:2 threads started
23/11/2014 1:48:33 PM: SubStatus: Polling...
23/11/2014 1:52:31 PM: Configuration Read from: C:\Users\johng\AppData\Local\Autodesk\3dsMax\2012 - 64bit\enu\infocenter.xml
23/11/2014 1:52:37 PM: ICommunicationCenterConnector.SubAwareServiceUrl does not contain valid URL.
 Attempting to load from registry
23/11/2014 1:52:37 PM: SubStatus: No or Bad URL defined in registry - Using default: http://cadservices.autodesk.com/subscriptionservice/subservice
23/11/2014 1:52:37 PM: Polling:2 threads started
23/11/2014 1:52:37 PM: SubStatus: Polling...
23/11/2014 3:38:20 PM: Configuration Read from: C:\Users\johng\AppData\Local\Autodesk\3dsMax\2012 - 64bit\enu\infocenter.xml
23/11/2014 3:38:25 PM: ICommunicationCenterConnector.SubAwareServiceUrl does not contain valid URL.
 Attempting to load from registry
23/11/2014 3:38:25 PM: SubStatus: No or Bad URL defined in registry - Using default: http://cadservices.autodesk.com/subscriptionservice/subservice
23/11/2014 3:38:25 PM: Polling:2 threads started
23/11/2014 3:38:25 PM: SubStatus: Polling...
23/11/2014 7:38:25 PM: Polling:3 threads started
23/11/2014 7:38:25 PM: SubStatus: Polling...
29/11/2014 10:38:03 PM: Configuration Read from: C:\Users\johng\AppData\Local\Autodesk\3dsMax\2012 - 64bit\enu\infocenter.xml
29/11/2014 10:38:18 PM: ICommunicationCenterConnector.SubAwareServiceUrl does not contain valid URL.
 Attempting to load from registry
29/11/2014 10:38:18 PM: SubStatus: No or Bad URL defined in registry - Using default: http://cadservices.autodesk.com/subscriptionservice/subservice
29/11/2014 10:38:20 PM: Polling:2 threads started
29/11/2014 10:38:20 PM: SubStatus: Polling...
30/11/2014 2:59:09 AM: Configuration Read from: C:\Users\johng\AppData\Local\Autodesk\3dsMax\2012 - 64bit\enu\infocenter.xml
30/11/2014 2:59:18 AM: ICommunicationCenterConnector.SubAwareServiceUrl does not contain valid URL.
 Attempting to load from registry
30/11/2014 2:59:18 AM: SubStatus: No or Bad URL defined in registry - Using default: http://cadservices.autodesk.com/subscriptionservice/subservice
30/11/2014 2:59:18 AM: Polling:2 threads started
30/11/2014 2:59:18 AM: SubStatus: Polling...
30/11/2014 3:44:44 PM: Configuration Read from: C:\Users\johng\AppData\Local\Autodesk\3dsMax\2012 - 64bit\enu\infocenter.xml
30/11/2014 3:45:08 PM: ICommunicationCenterConnector.SubAwareServiceUrl does not contain valid URL.
 Attempting to load from registry
30/11/2014 3:45:08 PM: SubStatus: No or Bad URL defined in registry - Using default: http://cadservices.autodesk.com/subscriptionservice/subservice
30/11/2014 3:45:10 PM: Polling:2 threads started
30/11/2014 3:45:10 PM: SubStatus: Polling...
30/11/2014 6:21:16 PM: Configuration Read from: C:\Users\johng\AppData\Local\Autodesk\3dsMax\2012 - 64bit\enu\infocenter.xml
30/11/2014 6:21:22 PM: ICommunicationCenterConnector.SubAwareServiceUrl does not contain valid URL.
 Attempting to load from registry
30/11/2014 6:21:22 PM: SubStatus: No or Bad URL defined in registry - Using default: http://cadservices.autodesk.com/subscriptionservice/subservice
30/11/2014 6:21:22 PM: Polling:2 threads started
30/11/2014 6:21:22 PM: SubStatus: Polling...
30/11/2014 7:39:25 PM: Configuration Read from: C:\Users\johng\AppData\Local\Autodesk\3dsMax\2012 - 64bit\enu\infocenter.xml
30/11/2014 7:39:29 PM: ICommunicationCenterConnector.SubAwareServiceUrl does not contain valid URL.
 Attempting to load from registry
30/11/2014 7:39:29 PM: SubStatus: No or Bad URL defined in registry - Using default: http://cadservices.autodesk.com/subscriptionservice/subservice
30/11/2014 7:39:30 PM: Polling:2 threads started
30/11/2014 7:39:30 PM: SubStatus: Polling...
6/12/2014 10:51:06 PM: Configuration Read from: C:\Users\johng\AppData\Local\Autodesk\3dsMax\2012 - 64bit\enu\infocenter.xml
6/12/2014 10:51:31 PM: ICommunicationCenterConnector.SubAwareServiceUrl does not contain valid URL.
 Attempting to load from registry
6/12/2014 10:51:31 PM: SubStatus: No or Bad URL defined in registry - Using default: http://cadservices.autodesk.com/subscriptionservice/subservice
6/12/2014 10:51:33 PM: Polling:2 threads started
6/12/2014 10:51:33 PM: SubStatus: Polling...
7/12/2014 12:45:36 AM: Configuration Read from: C:\Users\johng\AppData\Local\Autodesk\3dsMax\2012 - 64bit\enu\infocenter.xml
7/12/2014 12:45:43 AM: ICommunicationCenterConnector.SubAwareServiceUrl does not contain valid URL.
 Attempting to load from registry
7/12/2014 12:45:43 AM: SubStatus: No or Bad URL defined in registry - Using default: http://cadservices.autodesk.com/subscriptionservice/subservice
7/12/2014 12:45:43 AM: Polling:2 threads started
7/12/2014 12:45:43 AM: SubStatus: Polling...
7/12/2014 3:37:19 PM: Configuration Read from: C:\Users\johng\AppData\Local\Autodesk\3dsMax\2012 - 64bit\enu\infocenter.xml
7/12/2014 3:37:39 PM: ICommunicationCenterConnector.SubAwareServiceUrl does not contain valid URL.
 Attempting to load from registry
7/12/2014 3:37:39 PM: SubStatus: No or Bad URL defined in registry - Using default: http://cadservices.autodesk.com/subscriptionservice/subservice
7/12/2014 3:37:40 PM: Polling:2 threads started
7/12/2014 3:37:41 PM: SubStatus: Polling...
7/12/2014 4:30:39 PM: Configuration Read from: C:\Users\johng\AppData\Local\Autodesk\3dsMax\2012 - 64bit\enu\infocenter.xml
7/12/2014 4:30:44 PM: ICommunicationCenterConnector.SubAwareServiceUrl does not contain valid URL.
 Attempting to load from registry
7/12/2014 4:30:44 PM: SubStatus: No or Bad URL defined in registry - Using default: http://cadservices.autodesk.com/subscriptionservice/subservice
7/12/2014 4:30:44 PM: Polling:2 threads started
7/12/2014 4:30:44 PM: SubStatus: Polling...
7/12/2014 8:30:44 PM: Polling:3 threads started
7/12/2014 8:30:44 PM: SubStatus: Polling...
